{
  "RSpec": {
    "coverage": {
      "/home/bright-writer-4481/tic-tac-toe-rb-online-web-sp-000/lib/tic_tac_toe.rb": [
        null,
        null,
        1,
        null,
        null,
        null,
        null,
        null,
        null,
        null,
        null,
        null,
        null,
        null,
        1,
        null,
        1,
        8,
        8,
        8,
        8,
        8,
        null,
        null,
        1,
        null,
        null,
        null,
        1,
        null,
        1,
        7,
        null,
        null,
        null,
        null,
        1,
        7,
        null,
        null,
        null,
        null,
        1,
        7,
        7,
        0,
        0,
        null,
        null,
        null,
        null,
        null,
        1,
        7,
        7,
        0,
        0,
        null,
        null,
        null,
        null,
        null,
        1,
        7,
        7,
        7,
        7,
        7,
        7,
        0,
        0,
        0,
        null,
        null,
        null,
        null,
        null,
        null,
        1,
        0,
        0,
        0,
        0,
        null,
        null,
        0,
        null,
        null,
        null,
        null,
        1,
        0,
        null,
        null,
        null,
        null,
        1,
        17,
        98,
        4,
        94,
        2,
        null,
        null,
        11,
        null,
        null,
        null,
        1,
        9,
        5,
        null,
        4,
        null,
        null,
        null,
        null,
        1,
        6,
        4,
        null,
        null,
        null,
        null,
        1,
        8,
        5,
        null,
        3,
        null,
        null,
        null,
        null,
        1,
        3,
        5,
        2,
        3,
        1,
        null,
        null,
        null,
        null,
        null,
        null,
        1,
        12,
        7,
        5,
        3,
        2,
        2,
        null,
        null,
        null
      ]
    },
    "timestamp": 1574302457
  }
}
