{
  "RSpec": {
    "coverage": {
      "/home/bright-writer-4481/tic-tac-toe-rb-online-web-sp-000/lib/tic_tac_toe.rb": [
        null,
        null,
        1,
        null,
        null,
        null,
        null,
        null,
        null,
        null,
        null,
        null,
        null,
        null,
        1,
        null,
        1,
        18,
        18,
        18,
        18,
        18,
        null,
        null,
        1,
        null,
        null,
        null,
        1,
        null,
        1,
        17,
        null,
        null,
        null,
        null,
        1,
        17,
        null,
        null,
        null,
        null,
        1,
        17,
        17,
        0,
        0,
        null,
        null,
        null,
        null,
        null,
        1,
        17,
        17,
        0,
        0,
        null,
        null,
        null,
        null,
        null,
        1,
        17,
        17,
        17,
        17,
        17,
        17,
        17,
        0,
        0,
        0,
        null,
        null,
        null,
        null,
        null,
        null,
        1,
        17,
        17,
        153,
        26,
        null,
        null,
        17,
        null,
        null,
        null,
        null,
        1,
        17,
        null,
        null,
        null,
        null,
        1,
        25,
        181,
        3,
        178,
        1,
        null,
        null,
        21,
        null,
        null,
        null,
        1,
        20,
        18,
        null,
        2,
        null,
        null,
        null,
        null,
        1,
        10,
        2,
        null,
        null,
        null,
        null,
        1,
        18,
        8,
        null,
        10,
        null,
        null,
        null,
        null,
        1,
        0,
        0,
        0,
        0,
        0,
        null,
        null,
        null,
        null,
        null,
        null,
        1,
        12,
        17,
        null,
        null,
        null
      ]
    },
    "timestamp": 1574304394
  }
}
